\BOOKMARK [0][-]{Doc-Start}{Abstract}{}% 1
\BOOKMARK [0][-]{chapter*.1}{Foreword}{}% 2
\BOOKMARK [1][-]{section*.2}{Acknowledgement}{chapter*.1}% 3
\BOOKMARK [0][-]{chapter.1}{Introduction}{}% 4
\BOOKMARK [1][-]{section.1.1}{Problem description}{chapter.1}% 5
\BOOKMARK [1][-]{section.1.2}{The Aim}{chapter.1}% 6
\BOOKMARK [1][-]{section.1.3}{Addressing the problem}{chapter.1}% 7
\BOOKMARK [1][-]{section.1.4}{Overview of the thesis}{chapter.1}% 8
\BOOKMARK [0][-]{chapter.2}{Technology}{}% 9
\BOOKMARK [1][-]{section.2.1}{JavaScript}{chapter.2}% 10
\BOOKMARK [1][-]{section.2.2}{TypeScript}{chapter.2}% 11
\BOOKMARK [1][-]{section.2.3}{ASP.NET}{chapter.2}% 12
\BOOKMARK [0][-]{chapter.3}{Methods and techniques}{}% 13
\BOOKMARK [1][-]{section.3.1}{Software engineering}{chapter.3}% 14
\BOOKMARK [1][-]{section.3.2}{Agile}{chapter.3}% 15
\BOOKMARK [1][-]{section.3.3}{Communication}{chapter.3}% 16
\BOOKMARK [1][-]{section.3.4}{Planning}{chapter.3}% 17
\BOOKMARK [1][-]{section.3.5}{Modeling}{chapter.3}% 18
\BOOKMARK [1][-]{section.3.6}{Construction}{chapter.3}% 19
\BOOKMARK [1][-]{section.3.7}{Deployment}{chapter.3}% 20
\BOOKMARK [0][-]{chapter.4}{Related work}{}% 21
\BOOKMARK [1][-]{section.4.1}{Faorese statbank}{chapter.4}% 22
\BOOKMARK [1][-]{section.4.2}{Finish statbank}{chapter.4}% 23
\BOOKMARK [1][-]{section.4.3}{Danish statbank}{chapter.4}% 24
\BOOKMARK [1][-]{section.4.4}{Greenland statbank}{chapter.4}% 25
\BOOKMARK [1][-]{section.4.5}{Sweden statbank}{chapter.4}% 26
\BOOKMARK [0][-]{chapter.5}{Architecture}{}% 27
\BOOKMARK [1][-]{section.5.1}{PX WEB}{chapter.5}% 28
\BOOKMARK [1][-]{section.5.2}{PxWEB API}{chapter.5}% 29
\BOOKMARK [1][-]{section.5.3}{System design}{chapter.5}% 30
\BOOKMARK [1][-]{section.5.4}{User interface design}{chapter.5}% 31
\BOOKMARK [1][-]{section.5.5}{Prototype presentation}{chapter.5}% 32
\BOOKMARK [0][-]{chapter.6}{Analysis}{}% 33
\BOOKMARK [1][-]{section.6.1}{Evaluation}{chapter.6}% 34
\BOOKMARK [0][-]{chapter.7}{Conclusion}{}% 35
