\BOOKMARK [0][-]{Doc-Start}{Abstract}{}% 1
\BOOKMARK [0][-]{chapter*.1}{Foreword}{}% 2
\BOOKMARK [1][-]{section*.2}{Acknowledgement}{chapter*.1}% 3
\BOOKMARK [0][-]{chapter.1}{Introduction}{}% 4
\BOOKMARK [1][-]{section.1.1}{Statement of the problem}{chapter.1}% 5
\BOOKMARK [1][-]{section.1.2}{Significance of the Study}{chapter.1}% 6
\BOOKMARK [1][-]{section.1.3}{Addressing the Problem}{chapter.1}% 7
\BOOKMARK [1][-]{section.1.4}{Overview of the Thesis}{chapter.1}% 8
\BOOKMARK [1][-]{section.1.5}{Definition of Terms}{chapter.1}% 9
\BOOKMARK [0][-]{chapter.2}{Review of Related Literature and Work}{}% 10
\BOOKMARK [1][-]{section.2.1}{Related Literature}{chapter.2}% 11
\BOOKMARK [2][-]{subsection.2.1.1}{PxWeb}{section.2.1}% 12
\BOOKMARK [2][-]{subsection.2.1.2}{PxWeb API}{section.2.1}% 13
\BOOKMARK [1][-]{section.2.2}{Related Work}{chapter.2}% 14
\BOOKMARK [2][-]{subsection.2.2.1}{Faorese Statbank}{section.2.2}% 15
\BOOKMARK [2][-]{subsection.2.2.2}{Finish Statbank}{section.2.2}% 16
\BOOKMARK [2][-]{subsection.2.2.3}{Danish Statbank}{section.2.2}% 17
\BOOKMARK [2][-]{subsection.2.2.4}{Greenland Statbank}{section.2.2}% 18
\BOOKMARK [2][-]{subsection.2.2.5}{Sweden Statbank}{section.2.2}% 19
\BOOKMARK [0][-]{chapter.3}{Methodology of the Study}{}% 20
\BOOKMARK [1][-]{section.3.1}{Technology}{chapter.3}% 21
\BOOKMARK [2][-]{subsection.3.1.1}{JavaScript}{section.3.1}% 22
\BOOKMARK [2][-]{subsection.3.1.2}{TypeScript}{section.3.1}% 23
\BOOKMARK [2][-]{subsection.3.1.3}{ASP.NET}{section.3.1}% 24
\BOOKMARK [1][-]{section.3.2}{Methods and techniques}{chapter.3}% 25
\BOOKMARK [2][-]{subsection.3.2.1}{Software engineering}{section.3.2}% 26
\BOOKMARK [2][-]{subsection.3.2.2}{Agile}{section.3.2}% 27
\BOOKMARK [2][-]{subsection.3.2.3}{Communication}{section.3.2}% 28
\BOOKMARK [2][-]{subsection.3.2.4}{Planning}{section.3.2}% 29
\BOOKMARK [2][-]{subsection.3.2.5}{Modeling}{section.3.2}% 30
\BOOKMARK [2][-]{subsection.3.2.6}{Construction}{section.3.2}% 31
\BOOKMARK [2][-]{subsection.3.2.7}{Deployment}{section.3.2}% 32
\BOOKMARK [0][-]{chapter.4}{Architecture}{}% 33
\BOOKMARK [1][-]{section.4.1}{System Design}{chapter.4}% 34
\BOOKMARK [1][-]{section.4.2}{User Interface Design}{chapter.4}% 35
\BOOKMARK [1][-]{section.4.3}{Prototype Presentation}{chapter.4}% 36
\BOOKMARK [0][-]{chapter.5}{Presentation, Analysis and Interpretation of the Prototype}{}% 37
\BOOKMARK [1][-]{section.5.1}{Presentation of Prototype}{chapter.5}% 38
\BOOKMARK [1][-]{section.5.2}{Analysis of Prototype}{chapter.5}% 39
\BOOKMARK [1][-]{section.5.3}{Interpretation of Prototype}{chapter.5}% 40
\BOOKMARK [1][-]{section.5.4}{Benefits of the new Application}{chapter.5}% 41
\BOOKMARK [1][-]{section.5.5}{Results}{chapter.5}% 42
\BOOKMARK [0][-]{chapter.6}{Summary of Findings, Conclusions and Recommendations}{}% 43
\BOOKMARK [1][-]{section.6.1}{Summary of Findings}{chapter.6}% 44
\BOOKMARK [1][-]{section.6.2}{Conclusions}{chapter.6}% 45
\BOOKMARK [1][-]{section.6.3}{Recommendations}{chapter.6}% 46
